<?xml version="1.0" encoding="UTF-8"?>
<testsuite xmlns:xsi="http://www.w3.org/2001/XMLSchema-instance" xsi:noNamespaceSchemaLocation="https://maven.apache.org/surefire/maven-surefire-plugin/xsd/surefire-test-report-3.0.xsd" version="3.0" name="com.scaffold.CalculatorTest" time="0.068" tests="3" errors="0" skipped="0" failures="0">
  <properties>
[...]
</properties>
  <testcase name="fourLiftsTest" classname="com.scaffold.CalculatorTest" time="0.038">
    <system-out><![CDATA[======= FOUR LIFTS TEST (10m × 7m) =======
Perimetras:        34.0 m
Bays:              19
Bendras aukštis:   5.0 m

--- STANDARTAI ---
Standartai:        44 vnt (21ft)
Base plates:       44
Sole boards:       44

--- LEDGERS AND HANDRAILS ---
Ledger vamzdžiai:  {21ft=40, 16ft=20, 6ft=20, 13ft=20}
Handrail vamzdžiai:{21ft=32, 16ft=16, 6ft=16, 13ft=16}

--- LEDGER SCENARIJUS ---
Scenarijus:        SCENARIO_ONE
Sutaupyti transomiai (kampų viršutiniai ledgeriai): 8 vnt

--- TRANSOMS ---
Transomiai:        292 vnt (5ft)

--- BOARDS ---
Bortai iš viso:    72 vnt
Bortų suvestinė:   {13ft=48, 5ft=12, 10ft=12}

--- FITTINGS ---
Right-angle:       1200
Swivel:            120
Sleeve:            108
Putlog:            648

--- BRACING ---
Sway bracing:      32 vnt × 10ft
Ledger bracing:    56
Ledger brace tubes:{6ft=28, 5ft=28}

--- KITA ---
Toeboards:         19
Advance guard rail:1 rinkiniai
Return platformos: 4 kampai
Return bortai:     24
===================================
]]></system-out>
  </testcase>
  <testcase name="twoLiftsTest" classname="com.scaffold.CalculatorTest" time="0.002">
    <system-out><![CDATA[======= TWO LIFTS TEST (10m × 7m) =======
Perimetras:        34.0 m
Bays:              19
Bendras aukštis:   2.5 m

--- STANDARTAI ---
Standartai:        44 vnt (13ft)
Base plates:       44
Sole boards:       44

--- LEDGERS AND HANDRAILS ---
Ledger vamzdžiai:  {21ft=24, 16ft=12, 6ft=12, 13ft=12}
Handrail vamzdžiai:{21ft=16, 16ft=8, 6ft=8, 13ft=8}

--- LEDGER SCENARIJUS ---
Scenarijus:        SCENARIO_ONE
Sutaupyti transomiai (kampų viršutiniai ledgeriai): 8 vnt

--- TRANSOMS ---
Transomiai:        172 vnt (5ft)

--- BOARDS ---
Bortai iš viso:    72 vnt
Bortų suvestinė:   {13ft=48, 5ft=12, 10ft=12}

--- FITTINGS ---
Right-angle:       644
Swivel:            60
Sleeve:            60
Putlog:            376

--- BRACING ---
Sway bracing:      16 vnt × 10ft
Ledger bracing:    28
Ledger brace tubes:{6ft=14, 5ft=14}

--- KITA ---
Toeboards:         19
Advance guard rail:0 rinkiniai
Return platformos: 4 kampai
Return bortai:     24
===================================
]]></system-out>
  </testcase>
  <testcase name="lShapeTest" classname="com.scaffold.CalculatorTest" time="0.002">
    <system-out><![CDATA[======= L-SHAPE TEST (10m × 8m, cut 4m × 3m) =======
Perimetras:        36.0 m
Bays:              20
Bendras aukštis:   2.5 m

--- STANDARTAI ---
Standartai:        47 vnt (21ft)
Base plates:       47
Sole boards:       47

--- LEDGERS AND HANDRAILS ---
Ledger vamzdžiai:  {21ft=30, 16ft=18, 6ft=12, 10ft=6}
Handrail vamzdžiai:{21ft=20, 16ft=12, 6ft=8, 10ft=4}

--- LEDGER SCENARIJUS ---
Scenarijus:        SCENARIO_ONE
Sutaupyti transomiai (kampų viršutiniai ledgeriai): 12 vnt

--- TRANSOMS ---
Transomiai:        210 vnt (5ft)

--- BOARDS ---
Bortai iš viso:    84 vnt
Bortų suvestinė:   {13ft=54, 5ft=18, 6ft=6, 10ft=6}

--- FITTINGS ---
Right-angle:       746
Swivel:            80
Sleeve:            50
Putlog:            460

--- BRACING ---
Sway bracing:      24 vnt × 10ft
Ledger bracing:    32
Ledger brace tubes:{6ft=16, 5ft=16}

--- KITA ---
Toeboards:         20
Advance guard rail:0 rinkiniai
Return platformos: 5 kampai
Return bortai:     30
===================================
]]></system-out>
  </testcase>
</testsuite>